<?xml version="1.0" encoding="UTF-8"?>
<testsuite name="org.acme.modelTests.CoinTest" tests="1" skipped="0" failures="0" errors="0" timestamp="2024-03-25T12:17:15" hostname="DESKTOP-JPEG2I7" time="0.025">
  <properties/>
  <testcase name="testCollect()" classname="org.acme.modelTests.CoinTest" time="0.025"/>
  <system-out><![CDATA[]]></system-out>
  <system-err><![CDATA[]]></system-err>
</testsuite>
